"../../../../../Users/5926008386/OneDrive - School Board of Seminole County/Documents/GitHub/GameDesign2/GameDesign2/Content/2DSideScroller/Textures/4_Adkins_CharacterComplete.uasset" 0
"../../../../../Users/5926008386/OneDrive - School Board of Seminole County/Documents/GitHub/GameDesign2/GameDesign2/Content/2DSideScroller/Sprites/4_Adkins_CharacterComplete_Sprite_9.uasset" 1
"../../../../../Users/5926008386/OneDrive - School Board of Seminole County/Documents/GitHub/GameDesign2/GameDesign2/Content/2DSideScroller/Sprites/4_Adkins_CharacterComplete_Sprite_8.uasset" 2
"../../../../../Users/5926008386/OneDrive - School Board of Seminole County/Documents/GitHub/GameDesign2/GameDesign2/Content/2DSideScroller/Animations/PC_Hurt.uasset" 3
"../../../../../Users/5926008386/OneDrive - School Board of Seminole County/Documents/GitHub/GameDesign2/GameDesign2/Content/2DSideScroller/Sprites/4_Adkins_CharacterComplete_Sprite_14.uasset" 4
"../../../../../Users/5926008386/OneDrive - School Board of Seminole County/Documents/GitHub/GameDesign2/GameDesign2/Content/2DSideScroller/Sprites/4_Adkins_CharacterComplete_Sprite_13.uasset" 5
"../../../../../Users/5926008386/OneDrive - School Board of Seminole County/Documents/GitHub/GameDesign2/GameDesign2/Content/2DSideScroller/Sprites/4_Adkins_CharacterComplete_Sprite_12.uasset" 6
"../../../../../Users/5926008386/OneDrive - School Board of Seminole County/Documents/GitHub/GameDesign2/GameDesign2/Content/2DSideScroller/Animations/PC_Projectile.uasset" 7
"../../../../../Users/5926008386/OneDrive - School Board of Seminole County/Documents/GitHub/GameDesign2/GameDesign2/Content/2DSideScroller/Sprites/4_Adkins_CharacterComplete_Sprite_18.uasset" 8
"../../../../../Users/5926008386/OneDrive - School Board of Seminole County/Documents/GitHub/GameDesign2/GameDesign2/Content/2DSideScroller/Sprites/4_Adkins_CharacterComplete_Sprite_21.uasset" 9
"../../../../../Users/5926008386/OneDrive - School Board of Seminole County/Documents/GitHub/GameDesign2/GameDesign2/Content/2DSideScroller/Sprites/4_Adkins_CharacterComplete_Sprite_20.uasset" 10
"../../../../../Users/5926008386/OneDrive - School Board of Seminole County/Documents/GitHub/GameDesign2/GameDesign2/Content/2DSideScroller/Sprites/4_Adkins_CharacterComplete_Sprite_19.uasset" 11
"../../../../../Users/5926008386/OneDrive - School Board of Seminole County/Documents/GitHub/GameDesign2/GameDesign2/Content/2DSideScroller/Animations/PC_Shoot.uasset" 12
"../../../../../Users/5926008386/OneDrive - School Board of Seminole County/Documents/GitHub/GameDesign2/GameDesign2/Content/2dSideScroller/Textures/2DCharacter_IdleAnimAtlas.uasset" 13
"../../../../../Users/5926008386/OneDrive - School Board of Seminole County/Documents/GitHub/GameDesign2/GameDesign2/Content/2dSideScroller/Sprites/IdleFrames/IdleCycle8.uasset" 14
"../../../../../Users/5926008386/OneDrive - School Board of Seminole County/Documents/GitHub/GameDesign2/GameDesign2/Content/2dSideScroller/Sprites/IdleFrames/IdleCycle7.uasset" 15
"../../../../../Users/5926008386/OneDrive - School Board of Seminole County/Documents/GitHub/GameDesign2/GameDesign2/Content/2dSideScroller/Sprites/IdleFrames/IdleCycle6.uasset" 16
"../../../../../Users/5926008386/OneDrive - School Board of Seminole County/Documents/GitHub/GameDesign2/GameDesign2/Content/2dSideScroller/Sprites/IdleFrames/IdleCycle5.uasset" 17
"../../../../../Users/5926008386/OneDrive - School Board of Seminole County/Documents/GitHub/GameDesign2/GameDesign2/Content/2dSideScroller/Sprites/IdleFrames/IdleCycle4.uasset" 18
"../../../../../Users/5926008386/OneDrive - School Board of Seminole County/Documents/GitHub/GameDesign2/GameDesign2/Content/2dSideScroller/Sprites/IdleFrames/IdleCycle3.uasset" 19
"../../../../../Users/5926008386/OneDrive - School Board of Seminole County/Documents/GitHub/GameDesign2/GameDesign2/Content/2dSideScroller/Sprites/IdleFrames/IdleCycle2.uasset" 20
"../../../../../Users/5926008386/OneDrive - School Board of Seminole County/Documents/GitHub/GameDesign2/GameDesign2/Content/2dSideScroller/Sprites/IdleFrames/IdleCycle1.uasset" 21
"../../../../../Users/5926008386/OneDrive - School Board of Seminole County/Documents/GitHub/GameDesign2/GameDesign2/Content/2DSideScroller/Sprites/IdleAnimation.uasset" 22
"../../../../../Users/5926008386/OneDrive - School Board of Seminole County/Documents/GitHub/GameDesign2/GameDesign2/Content/2dSideScroller/Textures/2DBackgroundTile.uasset" 23
"../../../../../Users/5926008386/OneDrive - School Board of Seminole County/Documents/GitHub/GameDesign2/GameDesign2/Content/2DSideScroller/Materials/PrototypingSpriteMaterial.uasset" 24
"../../../../../Users/5926008386/OneDrive - School Board of Seminole County/Documents/GitHub/GameDesign2/GameDesign2/Content/2DSideScroller/Sprites/PrototypingSprite.uasset" 25
"../../../../../Users/5926008386/OneDrive - School Board of Seminole County/Documents/GitHub/GameDesign2/GameDesign2/Content/2dSideScroller/Textures/2DCharacter_RunAnimAtlas.uasset" 26
"../../../../../Users/5926008386/OneDrive - School Board of Seminole County/Documents/GitHub/GameDesign2/GameDesign2/Content/2dSideScroller/Sprites/RunFrames/RunCycle_9.uasset" 27
"../../../../../Users/5926008386/OneDrive - School Board of Seminole County/Documents/GitHub/GameDesign2/GameDesign2/Content/2dSideScroller/Sprites/RunFrames/RunCycle_8.uasset" 28
"../../../../../Users/5926008386/OneDrive - School Board of Seminole County/Documents/GitHub/GameDesign2/GameDesign2/Content/2dSideScroller/Sprites/RunFrames/RunCycle_7.uasset" 29
"../../../../../Users/5926008386/OneDrive - School Board of Seminole County/Documents/GitHub/GameDesign2/GameDesign2/Content/2dSideScroller/Sprites/RunFrames/RunCycle_6.uasset" 30
"../../../../../Users/5926008386/OneDrive - School Board of Seminole County/Documents/GitHub/GameDesign2/GameDesign2/Content/2dSideScroller/Sprites/RunFrames/RunCycle_5.uasset" 31
"../../../../../Users/5926008386/OneDrive - School Board of Seminole County/Documents/GitHub/GameDesign2/GameDesign2/Content/2dSideScroller/Sprites/RunFrames/RunCycle_4.uasset" 32
"../../../../../Users/5926008386/OneDrive - School Board of Seminole County/Documents/GitHub/GameDesign2/GameDesign2/Content/2dSideScroller/Sprites/RunFrames/RunCycle_3.uasset" 33
"../../../../../Users/5926008386/OneDrive - School Board of Seminole County/Documents/GitHub/GameDesign2/GameDesign2/Content/2dSideScroller/Sprites/RunFrames/RunCycle_2.uasset" 34
"../../../../../Users/5926008386/OneDrive - School Board of Seminole County/Documents/GitHub/GameDesign2/GameDesign2/Content/2dSideScroller/Sprites/RunFrames/RunCycle_16.uasset" 35
"../../../../../Users/5926008386/OneDrive - School Board of Seminole County/Documents/GitHub/GameDesign2/GameDesign2/Content/2dSideScroller/Sprites/RunFrames/RunCycle_15.uasset" 36
"../../../../../Users/5926008386/OneDrive - School Board of Seminole County/Documents/GitHub/GameDesign2/GameDesign2/Content/2dSideScroller/Sprites/RunFrames/RunCycle_14.uasset" 37
"../../../../../Users/5926008386/OneDrive - School Board of Seminole County/Documents/GitHub/GameDesign2/GameDesign2/Content/2dSideScroller/Sprites/RunFrames/RunCycle_13.uasset" 38
"../../../../../Users/5926008386/OneDrive - School Board of Seminole County/Documents/GitHub/GameDesign2/GameDesign2/Content/2dSideScroller/Sprites/RunFrames/RunCycle_12.uasset" 39
"../../../../../Users/5926008386/OneDrive - School Board of Seminole County/Documents/GitHub/GameDesign2/GameDesign2/Content/2dSideScroller/Sprites/RunFrames/RunCycle_11.uasset" 40
"../../../../../Users/5926008386/OneDrive - School Board of Seminole County/Documents/GitHub/GameDesign2/GameDesign2/Content/2dSideScroller/Sprites/RunFrames/RunCycle_10.uasset" 41
"../../../../../Users/5926008386/OneDrive - School Board of Seminole County/Documents/GitHub/GameDesign2/GameDesign2/Content/2dSideScroller/Sprites/RunFrames/RunCycle_1.uasset" 42
"../../../../../Users/5926008386/OneDrive - School Board of Seminole County/Documents/GitHub/GameDesign2/GameDesign2/Content/2DSideScroller/Sprites/RunningAnimation.uasset" 43
"../../../../../Users/5926008386/OneDrive - School Board of Seminole County/Documents/GitHub/GameDesign2/GameDesign2/Content/2DSideScroller/Textures/2DBackground.uasset" 44
"../../../../../Users/5926008386/OneDrive - School Board of Seminole County/Documents/GitHub/GameDesign2/GameDesign2/Content/2DSideScroller/Textures/4_Adkins_CharacterComplete_Sprite_22.uasset" 45
"../../../../../Users/5926008386/OneDrive - School Board of Seminole County/Documents/GitHub/GameDesign2/GameDesign2/Content/2DSideScroller/Textures/4_Adkins_CharacterComplete_Sprite_23.uasset" 46
"../../../../../Users/5926008386/OneDrive - School Board of Seminole County/Documents/GitHub/GameDesign2/GameDesign2/Content/2DSideScroller/Textures/4_Adkins_CharacterComplete_Sprite_24.uasset" 47
"../../../../../Users/5926008386/OneDrive - School Board of Seminole County/Documents/GitHub/GameDesign2/GameDesign2/Content/2DSideScroller/Textures/4_Adkins_CharacterComplete_Volume.uasset" 48
"../../../../../Users/5926008386/OneDrive - School Board of Seminole County/Documents/GitHub/GameDesign2/GameDesign2/Content/2DSideScroller/Textures/camelpyramid.uasset" 49
"../../../../../Users/5926008386/OneDrive - School Board of Seminole County/Documents/GitHub/GameDesign2/GameDesign2/Content/2DSideScroller/Textures/sandtexture.uasset" 50
"../../../../../Users/5926008386/OneDrive - School Board of Seminole County/Documents/GitHub/GameDesign2/GameDesign2/Content/2DSideScrollerBP/2DSideScrollerOverview.uasset" 51
"../../../../../Users/5926008386/OneDrive - School Board of Seminole County/Documents/GitHub/GameDesign2/GameDesign2/Content/StarterContent/Materials/M_Basic_Wall.uasset" 52
"../../../../../Users/5926008386/OneDrive - School Board of Seminole County/Documents/GitHub/GameDesign2/GameDesign2/Content/StarterContent/Architecture/Pillar_50x500.uasset" 53
"../../../../../Users/5926008386/OneDrive - School Board of Seminole County/Documents/GitHub/GameDesign2/GameDesign2/Content/StarterContent/Architecture/Wall_400x300.uasset" 54
"../../../../../Users/5926008386/OneDrive - School Board of Seminole County/Documents/GitHub/GameDesign2/GameDesign2/Content/StarterContent/Architecture/Wall_400x400.uasset" 55
"../../../../../Users/5926008386/OneDrive - School Board of Seminole County/Documents/GitHub/GameDesign2/GameDesign2/Content/StarterContent/Architecture/Wall_500x500.uasset" 56
"../../../../../Users/5926008386/OneDrive - School Board of Seminole County/Documents/GitHub/GameDesign2/GameDesign2/Content/StarterContent/Architecture/Wall_Door_400x400.uasset" 57
"../../../../../Users/5926008386/OneDrive - School Board of Seminole County/Documents/GitHub/GameDesign2/GameDesign2/Content/StarterContent/Architecture/Wall_Window_400x400.uasset" 58
"../../../../../Users/5926008386/OneDrive - School Board of Seminole County/Documents/GitHub/GameDesign2/GameDesign2/Content/StarterContent/Audio/Collapse01.uasset" 59
"../../../../../Users/5926008386/OneDrive - School Board of Seminole County/Documents/GitHub/GameDesign2/GameDesign2/Content/StarterContent/Audio/Collapse02.uasset" 60
"../../../../../Users/5926008386/OneDrive - School Board of Seminole County/Documents/GitHub/GameDesign2/GameDesign2/Content/StarterContent/Audio/Explosion01.uasset" 61
"../../../../../Users/5926008386/OneDrive - School Board of Seminole County/Documents/GitHub/GameDesign2/GameDesign2/Content/StarterContent/Audio/Explosion02.uasset" 62
"../../../../../Users/5926008386/OneDrive - School Board of Seminole County/Documents/GitHub/GameDesign2/GameDesign2/Content/StarterContent/Audio/Fire01.uasset" 63
"../../../../../Users/5926008386/OneDrive - School Board of Seminole County/Documents/GitHub/GameDesign2/GameDesign2/Content/StarterContent/Audio/Fire_Sparks01.uasset" 64
"../../../../../Users/5926008386/OneDrive - School Board of Seminole County/Documents/GitHub/GameDesign2/GameDesign2/Content/StarterContent/Audio/Light01.uasset" 65
"../../../../../Users/5926008386/OneDrive - School Board of Seminole County/Documents/GitHub/GameDesign2/GameDesign2/Content/StarterContent/Audio/Light01_Cue.uasset" 66
"../../../../../Users/5926008386/OneDrive - School Board of Seminole County/Documents/GitHub/GameDesign2/GameDesign2/Content/StarterContent/Audio/Light02.uasset" 67
"../../../../../Users/5926008386/OneDrive - School Board of Seminole County/Documents/GitHub/GameDesign2/GameDesign2/Content/StarterContent/Audio/Light02_Cue.uasset" 68
"../../../../../Users/5926008386/OneDrive - School Board of Seminole County/Documents/GitHub/GameDesign2/GameDesign2/Content/StarterContent/Audio/Smoke01.uasset" 69
"../../../../../Users/5926008386/OneDrive - School Board of Seminole County/Documents/GitHub/GameDesign2/GameDesign2/Content/StarterContent/Audio/Starter_Birds01.uasset" 70
"../../../../../Users/5926008386/OneDrive - School Board of Seminole County/Documents/GitHub/GameDesign2/GameDesign2/Content/StarterContent/Audio/Starter_Music01.uasset" 71
"../../../../../Users/5926008386/OneDrive - School Board of Seminole County/Documents/GitHub/GameDesign2/GameDesign2/Content/StarterContent/Audio/Starter_Wind05.uasset" 72
"../../../../../Users/5926008386/OneDrive - School Board of Seminole County/Documents/GitHub/GameDesign2/GameDesign2/Content/StarterContent/Audio/Starter_Wind06.uasset" 73
"../../../../../Users/5926008386/OneDrive - School Board of Seminole County/Documents/GitHub/GameDesign2/GameDesign2/Content/StarterContent/Audio/Steam01.uasset" 74
"../../../../../Users/5926008386/OneDrive - School Board of Seminole County/Documents/GitHub/GameDesign2/GameDesign2/Content/StarterContent/Textures/T_Smoke_Tiled_D.uasset" 75
"../../../../../Users/5926008386/OneDrive - School Board of Seminole County/Documents/GitHub/GameDesign2/GameDesign2/Content/StarterContent/Textures/T_Smoke_SubUV.uasset" 76
"../../../../../Users/5926008386/OneDrive - School Board of Seminole County/Documents/GitHub/GameDesign2/GameDesign2/Content/StarterContent/Particles/Materials/M_smoke_subUV.uasset" 77
"../../../Engine/Content/Functions/Engine_MaterialFunctions01/Gradient/RadialGradient.uasset" 78
"../../../../../Users/5926008386/OneDrive - School Board of Seminole County/Documents/GitHub/GameDesign2/GameDesign2/Content/StarterContent/Particles/Materials/M_radial_ramp.uasset" 79
"../../../../../Users/5926008386/OneDrive - School Board of Seminole County/Documents/GitHub/GameDesign2/GameDesign2/Content/StarterContent/Particles/Materials/m_flare_01.uasset" 80
"../../../../../Users/5926008386/OneDrive - School Board of Seminole County/Documents/GitHub/GameDesign2/GameDesign2/Content/StarterContent/Textures/T_Explosion_SubUV.uasset" 81
"../../../../../Users/5926008386/OneDrive - School Board of Seminole County/Documents/GitHub/GameDesign2/GameDesign2/Content/StarterContent/Particles/Materials/M_explosion_subUV.uasset" 82
"../../../../../Users/5926008386/OneDrive - School Board of Seminole County/Documents/GitHub/GameDesign2/GameDesign2/Content/StarterContent/Textures/T_Burst_M.uasset" 83
"../../../../../Users/5926008386/OneDrive - School Board of Seminole County/Documents/GitHub/GameDesign2/GameDesign2/Content/StarterContent/Particles/Materials/M_Burst.uasset" 84
"../../../../../Users/5926008386/OneDrive - School Board of Seminole County/Documents/GitHub/GameDesign2/GameDesign2/Content/StarterContent/Particles/P_Explosion.uasset" 85
"../../../../../Users/5926008386/OneDrive - School Board of Seminole County/Documents/GitHub/GameDesign2/GameDesign2/Content/StarterContent/Audio/Explosion_Cue.uasset" 86
"../../../../../Users/5926008386/OneDrive - School Board of Seminole County/Documents/GitHub/GameDesign2/GameDesign2/Content/StarterContent/Blueprints/Blueprint_Effect_Explosion.uasset" 87
"../../../Engine/Content/EditorMeshes/ColorCalibrator/T_ColorGrid.uasset" 88
"../../../../../Users/5926008386/OneDrive - School Board of Seminole County/Documents/GitHub/GameDesign2/GameDesign2/Content/StarterContent/Materials/M_ColorGrid_LowSpec.uasset" 89
"../../../../../Users/5926008386/OneDrive - School Board of Seminole County/Documents/GitHub/GameDesign2/GameDesign2/Content/StarterContent/Textures/T_Bush_N.uasset" 90
"../../../../../Users/5926008386/OneDrive - School Board of Seminole County/Documents/GitHub/GameDesign2/GameDesign2/Content/StarterContent/Textures/T_Bush_D.uasset" 91
"../../../../../Users/5926008386/OneDrive - School Board of Seminole County/Documents/GitHub/GameDesign2/GameDesign2/Content/StarterContent/Props/Materials/M_Bush.uasset" 92
"../../../../../Users/5926008386/OneDrive - School Board of Seminole County/Documents/GitHub/GameDesign2/GameDesign2/Content/StarterContent/Props/SM_Bush.uasset" 93
"../../../../../Users/5926008386/OneDrive - School Board of Seminole County/Documents/GitHub/GameDesign2/GameDesign2/Content/StarterContent/Textures/T_Chair_N.uasset" 94
"../../../../../Users/5926008386/OneDrive - School Board of Seminole County/Documents/GitHub/GameDesign2/GameDesign2/Content/StarterContent/Textures/T_Chair_M.uasset" 95
"../../../../../Users/5926008386/OneDrive - School Board of Seminole County/Documents/GitHub/GameDesign2/GameDesign2/Content/StarterContent/Props/Materials/M_Chair.uasset" 96
"../../../../../Users/5926008386/OneDrive - School Board of Seminole County/Documents/GitHub/GameDesign2/GameDesign2/Content/StarterContent/Props/SM_Couch.uasset" 97
"../../../../../Users/5926008386/OneDrive - School Board of Seminole County/Documents/GitHub/GameDesign2/GameDesign2/Content/StarterContent/Textures/T_Door_N.uasset" 98
"../../../../../Users/5926008386/OneDrive - School Board of Seminole County/Documents/GitHub/GameDesign2/GameDesign2/Content/StarterContent/Textures/T_Door_M.uasset" 99
"../../../../../Users/5926008386/OneDrive - School Board of Seminole County/Documents/GitHub/GameDesign2/GameDesign2/Content/StarterContent/Props/Materials/M_Door.uasset" 100
"../../../../../Users/5926008386/OneDrive - School Board of Seminole County/Documents/GitHub/GameDesign2/GameDesign2/Content/StarterContent/Materials/M_Glass.uasset" 101
"../../../../../Users/5926008386/OneDrive - School Board of Seminole County/Documents/GitHub/GameDesign2/GameDesign2/Content/StarterContent/Props/SM_Door.uasset" 102
"../../../../../Users/5926008386/OneDrive - School Board of Seminole County/Documents/GitHub/GameDesign2/GameDesign2/Content/StarterContent/Props/Materials/M_MaterialSphere_Plain.uasset" 103
"../../../../../Users/5926008386/OneDrive - School Board of Seminole County/Documents/GitHub/GameDesign2/GameDesign2/Content/StarterContent/Props/Materials/M_MaterialSphere.uasset" 104
"../../../../../Users/5926008386/OneDrive - School Board of Seminole County/Documents/GitHub/GameDesign2/GameDesign2/Content/StarterContent/Props/SM_MatPreviewMesh_02.uasset" 105
"../../../../../Users/5926008386/OneDrive - School Board of Seminole County/Documents/GitHub/GameDesign2/GameDesign2/Content/StarterContent/Textures/T_RockMesh_N.uasset" 106
"../../../../../Users/5926008386/OneDrive - School Board of Seminole County/Documents/GitHub/GameDesign2/GameDesign2/Content/StarterContent/Textures/T_RockMesh_M.uasset" 107
"../../../../../Users/5926008386/OneDrive - School Board of Seminole County/Documents/GitHub/GameDesign2/GameDesign2/Content/StarterContent/Textures/T_Detail_Rocky_N.uasset" 108
"../../../../../Users/5926008386/OneDrive - School Board of Seminole County/Documents/GitHub/GameDesign2/GameDesign2/Content/StarterContent/Textures/T_Rock_Basalt_D.uasset" 109
"../../../Engine/Content/Functions/Engine_MaterialFunctions02/Utility/BlendAngleCorrectedNormals.uasset" 110
"../../../../../Users/5926008386/OneDrive - School Board of Seminole County/Documents/GitHub/GameDesign2/GameDesign2/Content/StarterContent/Props/Materials/M_Rock.uasset" 111
"../../../../../Users/5926008386/OneDrive - School Board of Seminole County/Documents/GitHub/GameDesign2/GameDesign2/Content/StarterContent/Props/SM_Rock.uasset" 112
"../../../../../Users/5926008386/OneDrive - School Board of Seminole County/Documents/GitHub/GameDesign2/GameDesign2/Content/StarterContent/Textures/T_Shelf_N.uasset" 113
"../../../../../Users/5926008386/OneDrive - School Board of Seminole County/Documents/GitHub/GameDesign2/GameDesign2/Content/StarterContent/Textures/T_Shelf_M.uasset" 114
"../../../../../Users/5926008386/OneDrive - School Board of Seminole County/Documents/GitHub/GameDesign2/GameDesign2/Content/StarterContent/Props/Materials/M_Shelf.uasset" 115
"../../../../../Users/5926008386/OneDrive - School Board of Seminole County/Documents/GitHub/GameDesign2/GameDesign2/Content/StarterContent/Props/SM_Shelf.uasset" 116
"../../../../../Users/5926008386/OneDrive - School Board of Seminole County/Documents/GitHub/GameDesign2/GameDesign2/Content/StarterContent/Materials/M_Basic_Floor.uasset" 117
"../../../../../Users/5926008386/OneDrive - School Board of Seminole County/Documents/GitHub/GameDesign2/GameDesign2/Content/StarterContent/Props/SM_Stairs.uasset" 118
"../../../../../Users/5926008386/OneDrive - School Board of Seminole County/Documents/GitHub/GameDesign2/GameDesign2/Content/StarterContent/Shapes/Shape_Cone.uasset" 119
"../../../../../Users/5926008386/OneDrive - School Board of Seminole County/Documents/GitHub/GameDesign2/GameDesign2/Content/StarterContent/Shapes/Shape_Cylinder.uasset" 120
"../../../../../Users/5926008386/OneDrive - School Board of Seminole County/Documents/GitHub/GameDesign2/GameDesign2/Content/StarterContent/Shapes/Shape_NarrowCapsule.uasset" 121
"../../../../../Users/5926008386/OneDrive - School Board of Seminole County/Documents/GitHub/GameDesign2/GameDesign2/Content/StarterContent/Shapes/Shape_Pipe.uasset" 122
"../../../../../Users/5926008386/OneDrive - School Board of Seminole County/Documents/GitHub/GameDesign2/GameDesign2/Content/StarterContent/Shapes/Shape_Pipe_180.uasset" 123
"../../../../../Users/5926008386/OneDrive - School Board of Seminole County/Documents/GitHub/GameDesign2/GameDesign2/Content/StarterContent/Shapes/Shape_Pipe_90.uasset" 124
"../../../../../Users/5926008386/OneDrive - School Board of Seminole County/Documents/GitHub/GameDesign2/GameDesign2/Content/StarterContent/Shapes/Shape_Plane.uasset" 125
"../../../../../Users/5926008386/OneDrive - School Board of Seminole County/Documents/GitHub/GameDesign2/GameDesign2/Content/StarterContent/Shapes/Shape_Torus.uasset" 126
"../../../../../Users/5926008386/OneDrive - School Board of Seminole County/Documents/GitHub/GameDesign2/GameDesign2/Content/StarterContent/Shapes/Shape_Trim.uasset" 127
"../../../../../Users/5926008386/OneDrive - School Board of Seminole County/Documents/GitHub/GameDesign2/GameDesign2/Content/StarterContent/Shapes/Shape_Trim_90_In.uasset" 128
"../../../../../Users/5926008386/OneDrive - School Board of Seminole County/Documents/GitHub/GameDesign2/GameDesign2/Content/StarterContent/Shapes/Shape_Trim_90_Out.uasset" 129
"../../../../../Users/5926008386/OneDrive - School Board of Seminole County/Documents/GitHub/GameDesign2/GameDesign2/Content/StarterContent/Shapes/Shape_TriPyramid.uasset" 130
"../../../../../Users/5926008386/OneDrive - School Board of Seminole County/Documents/GitHub/GameDesign2/GameDesign2/Content/StarterContent/Shapes/Shape_Tube.uasset" 131
"../../../../../Users/5926008386/OneDrive - School Board of Seminole County/Documents/GitHub/GameDesign2/GameDesign2/Content/StarterContent/Shapes/Shape_Wedge_A.uasset" 132
"../../../../../Users/5926008386/OneDrive - School Board of Seminole County/Documents/GitHub/GameDesign2/GameDesign2/Content/StarterContent/Shapes/Shape_Wedge_B.uasset" 133
"../../../../../Users/5926008386/OneDrive - School Board of Seminole County/Documents/GitHub/GameDesign2/GameDesign2/Content/StarterContent/Shapes/Shape_WideCapsule.uasset" 134
"../../../Engine/Content/Functions/Engine_MaterialFunctions01/Opacity/CameraDepthFade.uasset" 135
"../../../Engine/Content/EngineMaterials/T_Default_Material_Grid_N.uasset" 136
"../../../Engine/Content/EngineMaterials/T_Default_Material_Grid_M.uasset" 137
"../../../Engine/Content/EngineMaterials/WorldGridMaterial.uasset" 138
"../../../Engine/Content/ArtTools/RenderToTexture/Meshes/S_1_Unit_Plane.uasset" 139
"../../../Engine/Content/BasicShapes/BasicShapeMaterial.uasset" 140
"../../../Engine/Content/EngineMaterials/DefaultMaterial.uasset" 141
"../../../Engine/Content/BasicShapes/Cone.uasset" 142
"../../../Engine/Content/BasicShapes/Cube.uasset" 143
"../../../Engine/Content/BasicShapes/Plane.uasset" 144
"../../../Engine/Content/BasicShapes/Sphere.uasset" 145
"../../../Engine/Content/EditorLandscapeResources/DataLayer.uasset" 146
"../../../Engine/Content/EditorLandscapeResources/DefaultAlphaTexture.uasset" 147
"../../../Engine/Content/EditorMaterials/MAT_Groups_Toggle.uasset" 148
"../../../Engine/Content/EditorMaterials/MAT_Groups_Visibility.uasset" 149
"../../../Engine/Content/EditorMaterials/PreviewShadowIndicator.uasset" 150
"../../../Engine/Content/EditorMaterials/PreviewShadowIndicatorMaterial.uasset" 151
"../../../Engine/Content/EditorMaterials/MatineeGroups/MAT_ColorTrack.uasset" 152
"../../../Engine/Content/EditorMaterials/MatineeGroups/MAT_Groups_Anim.uasset" 153
"../../../Engine/Content/EditorMaterials/MatineeGroups/MAT_Groups_AudioMaster.uasset" 154
"../../../Engine/Content/EditorMaterials/MatineeGroups/MAT_Groups_Director.uasset" 155
"../../../Engine/Content/EditorMaterials/MatineeGroups/MAT_Groups_Event.uasset" 156
"../../../Engine/Content/EditorMaterials/MatineeGroups/MAT_Groups_Fade.uasset" 157
"../../../Engine/Content/EditorMaterials/MatineeGroups/MAT_Groups_Float.uasset" 158
"../../../Engine/Content/EditorMaterials/MatineeGroups/MAT_Groups_Move.uasset" 159
"../../../Engine/Content/EditorMaterials/MatineeGroups/MAT_Groups_Slomo.uasset" 160
"../../../Engine/Content/EditorMaterials/MatineeGroups/MAT_Groups_Sound.uasset" 161
"../../../Engine/Content/EditorMaterials/MatineeGroups/MAT_Groups_Vector.uasset" 162
"../../../Engine/Content/EditorMaterials/ParticleSystems/PSysThumbnail_NoImage.uasset" 163
"../../../Engine/Content/EditorMaterials/ParticleSystems/PSysThumbnail_OOD.uasset" 164
"../../../Engine/Content/EditorMaterials/Camera/CineMat.uasset" 165
"../../../Engine/Content/EditorMaterials/Camera/MI_CineMat_Rig.uasset" 166
"../../../Engine/Content/EditorMeshes/Camera/SM_CraneRig_Arm.uasset" 167
"../../../Engine/Content/EditorMeshes/Camera/SM_CraneRig_Base.uasset" 168
"../../../Engine/Content/EditorMeshes/Camera/SM_CraneRig_Body.uasset" 169
"../../../Engine/Content/EditorMeshes/Camera/SM_CraneRig_Mount.uasset" 170
"../../../Engine/Content/EditorMeshes/Camera/SM_RailRig_Mount.uasset" 171
"../../../Engine/Content/EditorMeshes/Camera/SM_RailRig_Track.uasset" 172
"../../../Engine/Content/EditorResources/BSPVertex.uasset" 173
"../../../Engine/Content/EditorResources/EmptyActor.uasset" 174
"../../../Engine/Content/EditorResources/S_Actor.uasset" 175
"../../../Engine/Content/EditorResources/S_Note.uasset" 176
"../../../Engine/Content/EditorResources/S_Solver.uasset" 177
"../../../Engine/Content/EditorResources/S_Terrain.uasset" 178
"../../../Engine/Content/EditorResources/S_Trigger.uasset" 179
"../../../Engine/Content/EditorResources/AudioIcons/S_AudioComponent.uasset" 180
"../../../Engine/Content/EditorResources/AudioIcons/S_AudioComponent_AutoActivate.uasset" 181
"../../../Engine/Content/EditorResources/LightIcons/S_LightError.uasset" 182
"../../../Engine/Content/EditorResources/SequenceRecorder/Countdown.uasset" 183
"../../../Engine/Content/EditorResources/SequenceRecorder/RecordingIndicator.uasset" 184
"../../../Engine/Content/EngineDamageTypes/DmgTypeBP_Environmental.uasset" 185
"../../../Engine/Content/EngineDebugMaterials/DebugEditorMaterial.uasset" 186
"../../../Engine/Content/EngineDebugMaterials/DebugMeshMaterial.uasset" 187
"../../../Engine/Content/EngineDebugMaterials/M_SimpleUnlitTranslucent.uasset" 188
"../../../Engine/Content/EngineDebugMaterials/VolumeToRender.uasset" 189
"../../../Engine/Content/Functions/Engine_MaterialFunctions02/Utility/CameraDirectionVector.uasset" 190
"../../../Engine/Content/EngineDebugMaterials/M_VolumeRenderSphereTracePP.uasset" 191
"../../../Engine/Content/Functions/Engine_MaterialFunctions01/Shading/ConvertFromDiffSpec.uasset" 192
"../../../Engine/Content/EngineDebugMaterials/VertexColorMaterial.uasset" 193
"../../../Engine/Content/EngineDebugMaterials/WireframeMaterial.uasset" 194
"../../../Engine/Content/EngineFonts/Faces/RobotoRegular.uasset" 195
"../../../Engine/Content/EngineFonts/Faces/RobotoLight.uasset" 196
"../../../Engine/Content/EngineFonts/Faces/RobotoItalic.uasset" 197
"../../../Engine/Content/EngineFonts/Faces/RobotoBoldItalic.uasset" 198
"../../../Engine/Content/EngineFonts/Faces/RobotoBold.uasset" 199
"../../../Engine/Content/EngineFonts/Faces/DroidSansFallback.uasset" 200
"../../../Engine/Content/EngineFonts/Roboto.uasset" 201
"../../../Engine/Content/EngineMaterials/BaseFlattenNormalMap.uasset" 202
"../../../Engine/Content/EngineMaterials/BaseFlattenGrayscaleMap.uasset" 203
"../../../Engine/Content/EngineMaterials/BaseFlattenEmissiveMap.uasset" 204
"../../../Engine/Content/EngineMaterials/BaseFlattenDiffuseMap.uasset" 205
"../../../Engine/Content/EngineMaterials/BaseFlattenMaterial.uasset" 206
"../../../Engine/Content/EngineMaterials/BlueNoise.uasset" 207
"../../../Engine/Content/EngineMaterials/DefaultBloomKernel.uasset" 208
"../../../Engine/Content/EngineMaterials/DefaultBokeh.uasset" 209
"../../../Engine/Content/EngineMaterials/DefaultDiffuse.uasset" 210
"../../../Engine/Content/EngineMaterials/DefaultDeferredDecalMaterial.uasset" 211
"../../../Engine/Content/EngineMaterials/DefaultLightFunctionMaterial.uasset" 212
"../../../Engine/Content/EngineMaterials/DefaultPhysicalMaterial.uasset" 213
"../../../Engine/Content/Functions/Engine_MaterialFunctions02/Utility/BreakOutFloat2Components.uasset" 214
"../../../Engine/Content/EngineMaterials/DefaultPostProcessMaterial.uasset" 215
"../../../Engine/Content/EngineFonts/RobotoDistanceField.uasset" 216
"../../../Engine/Content/EngineMaterials/DefaultTextMaterialOpaque.uasset" 217
"../../../Engine/Content/EngineMaterials/DefaultWhiteGrid.uasset" 218
"../../../Engine/Content/EngineMaterials/DefaultWhiteGrid_Low.uasset" 219
"../../../Engine/Content/EngineMaterials/EmissiveMeshMaterial.uasset" 220
"../../../Engine/Content/EngineMaterials/GizmoMaterial.uasset" 221
"../../../Engine/Content/EngineMaterials/Good64x64TilingNoiseHighFreq.uasset" 222
"../../../Engine/Content/EngineMaterials/MiniFont.uasset" 223
"../../../Engine/Content/EngineMaterials/InvalidLightmapSettings.uasset" 224
"../../../Engine/Content/EngineMaterials/M_InvalidLightmapSettings.uasset" 225
"../../../Engine/Content/Functions/Engine_MaterialFunctions02/WorldPositionOffset/CameraOffset.uasset" 226
"../../../Engine/Content/EngineMaterials/PhAT_JointLimitMaterial.uasset" 227
"../../../Engine/Content/EngineMaterials/PreintegratedSkinBRDF.uasset" 228
"../../../Engine/Content/EngineMaterials/RemoveSurfaceMaterial.uasset" 229
"../../../Engine/Content/EngineMaterials/WeightMapPlaceholderTexture.uasset" 230
"../../../Engine/Content/EngineResources/WhiteSquareTexture.uasset" 231
"../../../Engine/Content/EngineMaterials/Widget3DPassThrough.uasset" 232
"../../../Engine/Content/EngineMaterials/Widget3DPassThrough_Masked.uasset" 233
"../../../Engine/Content/EngineMaterials/Widget3DPassThrough_Opaque.uasset" 234
"../../../Engine/Content/EngineMaterials/Widget3DPassThrough_Masked_OneSided.uasset" 235
"../../../Engine/Content/EngineMaterials/Widget3DPassThrough_Opaque_OneSided.uasset" 236
"../../../Engine/Content/EngineMaterials/Widget3DPassThrough_Translucent.uasset" 237
"../../../Engine/Content/EngineMaterials/Widget3DPassThrough_Translucent_OneSided.uasset" 238
"../../../Engine/Content/EngineMeshes/Cylinder.uasset" 239
"../../../Engine/Content/EngineMeshes/Sphere.uasset" 240
"../../../Engine/Content/EngineResources/Black.uasset" 241
"../../../Engine/Content/EngineResources/DefaultTextureCube.uasset" 242
"../../../Engine/Content/EngineResources/DefaultVolumeTexture2D.uasset" 243
"../../../Engine/Content/EngineResources/DefaultVolumeTexture.uasset" 244
"../../../Engine/Content/EngineResources/GradientTexture0.uasset" 245
"../../../Engine/Content/EngineSky/VolumetricClouds/T_NoiseShape64.uasset" 246
"../../../Engine/Content/EngineSky/VolumetricClouds/T_VolumeNoiseShape64.uasset" 247
"../../../Engine/Content/EngineSky/VolumetricClouds/T_NoiseErosion.uasset" 248
"../../../Engine/Content/EngineSky/VolumetricClouds/T_VolumeNoiseErosion32.uasset" 249
"../../../Engine/Content/EngineSky/VolumetricClouds/CloudWeatherTexture.uasset" 250
"../../../Engine/Content/EngineSky/VolumetricClouds/CloudGradientTexture.uasset" 251
"../../../Engine/Content/Functions/Engine_MaterialFunctions02/Utility/MakeFloat2.uasset" 252
"../../../Engine/Content/EngineSky/VolumetricClouds/m_SimpleVolumetricCloud.uasset" 253
"../../../Engine/Content/EngineSky/VolumetricClouds/m_SimpleVolumetricCloud_Inst.uasset" 254
"../../../Engine/Content/EngineSounds/Master.uasset" 255
"../../../Engine/Content/Functions/Engine_MaterialFunctions01/Shading/PowerToRoughness.uasset" 256
"../../../Engine/Content/Maps/Templates/Thumbnails/Default.uasset" 257
"../../../Engine/Content/Maps/Templates/Thumbnails/TimeOfDay.uasset" 258
"../../../Engine/Content/Maps/Templates/Thumbnails/VR-Basic.uasset" 259
"../../../Engine/Content/MobileResources/T_MobileControls_texture.uasset" 260
"../../../Engine/Content/MobileResources/T_MobileMenu2.uasset" 261
"../../../Engine/Content/MobileResources/HUD/AnalogHat.uasset" 262
"../../../Engine/Content/MobileResources/HUD/VirtualJoystick_Thumb.uasset" 263
"../../../Engine/Content/MobileResources/HUD/VirtualJoystick_Background.uasset" 264
"../../../Engine/Content/MobileResources/HUD/DefaultVirtualJoysticks.uasset" 265
"../../../Engine/Content/MobileResources/HUD/LeftVirtualJoystickOnly.uasset" 266
"../../../Engine/Content/MobileResources/HUD/MobileHUDButton1_off.uasset" 267
"../../../Engine/Content/MobileResources/HUD/MobileHUDButton1_on.uasset" 268
"../../../Engine/Content/MobileResources/HUD/MobileHUDButton2_off.uasset" 269
"../../../Engine/Content/MobileResources/HUD/MobileHUDButton2_on.uasset" 270
"../../../Engine/Content/MobileResources/HUD/MobileHUDButton3.uasset" 271
"../../../Engine/Content/MobileResources/HUD/MobileHUDButtonFire.uasset" 272
"../../../Engine/Content/MobileResources/HUD/MobileHUDDirectionPad.uasset" 273
"../../../Engine/Content/MobileResources/HUD/MobileHUDDirectionPad2.uasset" 274
"../../../Engine/Content/MobileResources/HUD/MobileHUDDirectionPad3.uasset" 275
"../../../Engine/Content/MobileResources/HUD/MobileHUDDirectionStick.uasset" 276
"../../../Engine/Content/MobileResources/HUD/T_Castle_ThumbstickInner.uasset" 277
"../../../Engine/Content/MobileResources/HUD/T_Castle_ThumbstickOutter.uasset" 278
"../../../Engine/Content/Tutorial/ContentIntroCurve.uasset" 279
"../../../Engine/Content/Tutorial/Basics/LevelEditorAttract.uasset" 280
"../../../Engine/Content/Tutorial/Installation/InstallingVisualStudioTutorial.uasset" 281
"../../../Engine/Content/VREditor/TransformGizmo/TranslucentTransformGizmoMaterial.uasset" 282
"../../../Engine/Content/VREditor/LaserPointer/VR_LaserPower_01.uasset" 283
"../../../Engine/Content/VREditor/TransformGizmo/TransformGizmoMaterial.uasset" 284
"../../../Engine/Content/VREditor/TransformGizmo/BoundingBoxCorner.uasset" 285
"../../../Engine/Content/VREditor/TransformGizmo/BoundingBoxEdge.uasset" 286
"../../../Engine/Content/VREditor/TransformGizmo/PlaneTranslationHandle.uasset" 287
"../../../Engine/Content/VREditor/TransformGizmo/Xray.uasset" 288
"../../../Engine/Content/VREditor/TransformGizmo/Main.uasset" 289
"../../../Engine/Content/VREditor/TransformGizmo/SM_Sequencer_Key.uasset" 290
"../../../Engine/Content/VREditor/TransformGizmo/SM_Sequencer_Node.uasset" 291
"../../Plugins/2D/Paper2D/Content/PlaceholderTextures/DummySpriteTexture.uasset" 292
"../../Plugins/2D/Paper2D/Content/DummySprite.uasset" 293
"../../Plugins/2D/Paper2D/Content/DefaultPaperTerrainMaterial.uasset" 294
"../../Plugins/2D/Paper2D/Content/DefaultSpriteMaterial.uasset" 295
"../../Plugins/2D/Paper2D/Content/MaskedUnlitSpriteMaterial.uasset" 296
"../../../Engine/Content/Functions/Engine_MaterialFunctions02/ObjectLocalBounds.uasset" 297
"../../../Engine/Content/Functions/Engine_MaterialFunctions02/Utility/BreakOutFloat3Components.uasset" 298
"../../Plugins/Editor/SpeedTreeImporter/Content/SpeedTree9/UnpackInteger3.uasset" 299
"../../Plugins/Editor/SpeedTreeImporter/Content/SpeedTree9/UnpackDirection.uasset" 300
"../../Plugins/Editor/SpeedTreeImporter/Content/SpeedTree9/game_wind_noise.uasset" 301
"../../../Engine/Content/Functions/Engine_MaterialFunctions02/SafeNormalize.uasset" 302
"../../Plugins/Editor/SpeedTreeImporter/Content/SpeedTree9/SpeedTreeWindMotion.uasset" 303
"../../Plugins/Editor/SpeedTreeImporter/Content/SpeedTree9/SpeedTreeBranchMotion.uasset" 304
"../../../Engine/Content/Functions/Engine_MaterialFunctions02/UVs/BoundingBoxBased_0-1_UVW.uasset" 305
"../../Plugins/Editor/SpeedTreeImporter/Content/SpeedTree9/SpeedTreeWind.uasset" 306
"../../Plugins/Editor/SpeedTreeImporter/Content/SpeedTree9/SpeedTreeBillboard.uasset" 307
"../../../Engine/Content/EngineResources/DefaultTexture.uasset" 308
"../../Plugins/Editor/SpeedTreeImporter/Content/SpeedTree9/SpeedTreeBillboardMaster.uasset" 309
"../../Plugins/Editor/SpeedTreeImporter/Content/SpeedTree9/SpeedTreeCameraFacing.uasset" 310
"../../Plugins/Editor/SpeedTreeImporter/Content/SpeedTree9/SpeedTreeMaster.uasset" 311
"../../../Engine/Content/BasicShapes/Cylinder.uasset" 312
"../../../Engine/Content/ArtTools/RenderToTexture/Materials/Debug/M_Emissive_Color.uasset" 313
"../../Plugins/Lumin/MagicLeapPassableWorld/Content/MagicLeapARPinInfoActor.uasset" 314
"../../../Engine/Content/Functions/Engine_MaterialFunctions02/Utility/BreakOutFloat4Components.uasset" 315
"../../../Engine/Content/Functions/Engine_MaterialFunctions02/Utility/MakeFloat3.uasset" 316
"../../Plugins/Runtime/Oculus/OculusVR/Content/Materials/OculusMR_ChromaKey.uasset" 317
"../../Plugins/Runtime/Oculus/OculusVR/Content/Materials/OculusMR_OpaqueColoredMaterial.uasset" 318
"../../Plugins/Runtime/Oculus/OculusVR/Content/Materials/PokeAHoleMaterial.uasset" 319
"../../../../../Users/5926008386/OneDrive - School Board of Seminole County/Documents/GitHub/GameDesign2/GameDesign2/Content/HUD/Options.uasset" 320
"../../../../../Users/5926008386/OneDrive - School Board of Seminole County/Documents/GitHub/GameDesign2/GameDesign2/Content/HUD/Logo.uasset" 321
"../../../../../Users/5926008386/OneDrive - School Board of Seminole County/Documents/GitHub/GameDesign2/GameDesign2/Content/HUD/Background.uasset" 322
"../../../../../Users/5926008386/OneDrive - School Board of Seminole County/Documents/GitHub/GameDesign2/GameDesign2/Content/HUD/Start.uasset" 323
"../../../../../Users/5926008386/OneDrive - School Board of Seminole County/Documents/GitHub/GameDesign2/GameDesign2/Content/HUD/Quit.uasset" 324
"../../../../../Users/5926008386/OneDrive - School Board of Seminole County/Documents/GitHub/GameDesign2/GameDesign2/Content/HUD/OptionsMenuWidget.uasset" 325
"../../../../../Users/5926008386/OneDrive - School Board of Seminole County/Documents/GitHub/GameDesign2/GameDesign2/Content/HUD/StartScreen_Game.uasset" 326
"../../../../../Users/5926008386/OneDrive - School Board of Seminole County/Documents/GitHub/GameDesign2/GameDesign2/Content/2DSideScrollerBP/Maps/SS_Game.umap" 327
"../../../Engine/Content/EditorMeshes/ColorCalibrator/M_GreyBall.uasset" 328
"../../../Engine/Content/EditorMeshes/ColorCalibrator/Color_checker.uasset" 329
"../../../Engine/Content/EditorMeshes/ColorCalibrator/M_ColorGrid.uasset" 330
"../../../Engine/Content/EditorMeshes/ColorCalibrator/M_ClearCoatBlack.uasset" 331
"../../../Engine/Content/EditorMeshes/ColorCalibrator/M_ClearCoat.uasset" 332
"../../../Engine/Content/EditorMeshes/ColorCalibrator/M_ChromeBall.uasset" 333
"../../../Engine/Content/EditorMeshes/ColorCalibrator/SM_ColorCalibrator.uasset" 334
"../../../../../Users/5926008386/OneDrive - School Board of Seminole County/Documents/GitHub/GameDesign2/GameDesign2/Content/StarterContent/Maps/Advanced_Lighting_BuiltData.uasset" 335
"../../../../../Users/5926008386/OneDrive - School Board of Seminole County/Documents/GitHub/GameDesign2/GameDesign2/Content/StarterContent/HDRI/HDRI_Epic_Courtyard_Daylight.uasset" 336
"../../../Engine/Content/MapTemplates/Sky/DaylightAmbientCubemap.uasset" 337
"../../../../../Users/5926008386/OneDrive - School Board of Seminole County/Documents/GitHub/GameDesign2/GameDesign2/Content/StarterContent/Blueprints/Assets/M_LightStage_Skybox_Master.uasset" 338
"../../../../../Users/5926008386/OneDrive - School Board of Seminole County/Documents/GitHub/GameDesign2/GameDesign2/Content/StarterContent/Blueprints/Assets/M_LightStage_Skybox_HDRI.uasset" 339
"../../../../../Users/5926008386/OneDrive - School Board of Seminole County/Documents/GitHub/GameDesign2/GameDesign2/Content/StarterContent/Blueprints/Assets/M_LightStage_Arrows.uasset" 340
"../../../../../Users/5926008386/OneDrive - School Board of Seminole County/Documents/GitHub/GameDesign2/GameDesign2/Content/StarterContent/Blueprints/Assets/SM_Arrows.uasset" 341
"../../../Engine/Content/EditorMaterials/Thumbnails/SkySphereMaterial.uasset" 342
"../../../../../Users/5926008386/OneDrive - School Board of Seminole County/Documents/GitHub/GameDesign2/GameDesign2/Content/StarterContent/Blueprints/Assets/Skybox.uasset" 343
"../../../../../Users/5926008386/OneDrive - School Board of Seminole County/Documents/GitHub/GameDesign2/GameDesign2/Content/StarterContent/Blueprints/Assets/M_LightStage_Skybox_Black.uasset" 344
"../../../../../Users/5926008386/OneDrive - School Board of Seminole County/Documents/GitHub/GameDesign2/GameDesign2/Content/StarterContent/Blueprints/Assets/SunlightColorLUT.uasset" 345
"../../../../../Users/5926008386/OneDrive - School Board of Seminole County/Documents/GitHub/GameDesign2/GameDesign2/Content/StarterContent/Blueprints/Assets/FogBrightnessLUT.uasset" 346
"../../../../../Users/5926008386/OneDrive - School Board of Seminole County/Documents/GitHub/GameDesign2/GameDesign2/Content/StarterContent/Blueprints/BP_LightStudio.uasset" 347
"../../../../../Users/5926008386/OneDrive - School Board of Seminole County/Documents/GitHub/GameDesign2/GameDesign2/Content/StarterContent/Materials/M_AssetPlatform.uasset" 348
"../../../../../Users/5926008386/OneDrive - School Board of Seminole County/Documents/GitHub/GameDesign2/GameDesign2/Content/StarterContent/Architecture/SM_AssetPlatform.uasset" 349
"../../../../../Users/5926008386/OneDrive - School Board of Seminole County/Documents/GitHub/GameDesign2/GameDesign2/Content/StarterContent/Maps/Advanced_Lighting.umap" 350
"../../../../../Users/5926008386/OneDrive - School Board of Seminole County/Documents/GitHub/GameDesign2/GameDesign2/Content/StarterContent/Textures/T_TableRound_N.uasset" 351
"../../../../../Users/5926008386/OneDrive - School Board of Seminole County/Documents/GitHub/GameDesign2/GameDesign2/Content/StarterContent/Textures/T_TableRound_M.uasset" 352
"../../../../../Users/5926008386/OneDrive - School Board of Seminole County/Documents/GitHub/GameDesign2/GameDesign2/Content/StarterContent/Props/Materials/M_TableRound.uasset" 353
"../../../../../Users/5926008386/OneDrive - School Board of Seminole County/Documents/GitHub/GameDesign2/GameDesign2/Content/StarterContent/Props/SM_TableRound.uasset" 354
"../../../../../Users/5926008386/OneDrive - School Board of Seminole County/Documents/GitHub/GameDesign2/GameDesign2/Content/StarterContent/Textures/T_Statue_N.uasset" 355
"../../../../../Users/5926008386/OneDrive - School Board of Seminole County/Documents/GitHub/GameDesign2/GameDesign2/Content/StarterContent/Textures/T_Statue_M.uasset" 356
"../../../../../Users/5926008386/OneDrive - School Board of Seminole County/Documents/GitHub/GameDesign2/GameDesign2/Content/StarterContent/Props/Materials/M_Statue.uasset" 357
"../../../../../Users/5926008386/OneDrive - School Board of Seminole County/Documents/GitHub/GameDesign2/GameDesign2/Content/StarterContent/Props/Materials/M_StatueGlass.uasset" 358
"../../../../../Users/5926008386/OneDrive - School Board of Seminole County/Documents/GitHub/GameDesign2/GameDesign2/Content/StarterContent/Props/SM_Statue.uasset" 359
"../../../../../Users/5926008386/OneDrive - School Board of Seminole County/Documents/GitHub/GameDesign2/GameDesign2/Content/StarterContent/Props/SM_Chair.uasset" 360
"../../../../../Users/5926008386/OneDrive - School Board of Seminole County/Documents/GitHub/GameDesign2/GameDesign2/Content/StarterContent/Textures/T_MacroVariation.uasset" 361
"../../../../../Users/5926008386/OneDrive - School Board of Seminole County/Documents/GitHub/GameDesign2/GameDesign2/Content/StarterContent/Textures/T_Metal_Copper_D.uasset" 362
"../../../../../Users/5926008386/OneDrive - School Board of Seminole County/Documents/GitHub/GameDesign2/GameDesign2/Content/StarterContent/Textures/T_Metal_Gold_N.uasset" 363
"../../../../../Users/5926008386/OneDrive - School Board of Seminole County/Documents/GitHub/GameDesign2/GameDesign2/Content/StarterContent/Materials/M_Metal_Copper.uasset" 364
"../../../../../Users/5926008386/OneDrive - School Board of Seminole County/Documents/GitHub/GameDesign2/GameDesign2/Content/StarterContent/Textures/T_Metal_Aluminum_D.uasset" 365
"../../../../../Users/5926008386/OneDrive - School Board of Seminole County/Documents/GitHub/GameDesign2/GameDesign2/Content/StarterContent/Materials/M_Metal_Burnished_Steel.uasset" 366
"../../../../../Users/5926008386/OneDrive - School Board of Seminole County/Documents/GitHub/GameDesign2/GameDesign2/Content/StarterContent/Materials/M_Metal_Brushed_Nickel.uasset" 367
"../../../Engine/Content/EngineSky/T_Sky_Stars.uasset" 368
"../../../Engine/Content/EngineSky/T_Sky_Clouds_M.uasset" 369
"../../../Engine/Content/EngineSky/T_Sky_Blue.uasset" 370
"../../../Engine/Content/EngineSky/M_Sky_Panning_Clouds2.uasset" 371
"../../../../../Users/5926008386/OneDrive - School Board of Seminole County/Documents/GitHub/GameDesign2/GameDesign2/Content/StarterContent/Maps/Minimal_Default_BuiltData.uasset" 372
"../../../Engine/Content/EditorBlueprintResources/StandardMacros.uasset" 373
"../../../Engine/Content/EngineSky/SM_SkySphere.uasset" 374
"../../../Engine/Content/EngineSky/C_Sky_Zenith_Color.uasset" 375
"../../../Engine/Content/EngineSky/C_Sky_Horizon_Color.uasset" 376
"../../../Engine/Content/EngineSky/C_Sky_Cloud_Color.uasset" 377
"../../../Engine/Content/EngineSky/BP_Sky_Sphere.uasset" 378
"../../../../../Users/5926008386/OneDrive - School Board of Seminole County/Documents/GitHub/GameDesign2/GameDesign2/Content/StarterContent/Audio/Starter_Background_Cue.uasset" 379
"../../../../../Users/5926008386/OneDrive - School Board of Seminole County/Documents/GitHub/GameDesign2/GameDesign2/Content/StarterContent/Architecture/Floor_400x400.uasset" 380
"../../../../../Users/5926008386/OneDrive - School Board of Seminole County/Documents/GitHub/GameDesign2/GameDesign2/Content/StarterContent/Maps/Minimal_Default.umap" 381
"../../../../../Users/5926008386/OneDrive - School Board of Seminole County/Documents/GitHub/GameDesign2/GameDesign2/Content/StarterContent/Shapes/Shape_Sphere.uasset" 382
"../../../../../Users/5926008386/OneDrive - School Board of Seminole County/Documents/GitHub/GameDesign2/GameDesign2/Content/StarterContent/Shapes/Shape_QuadPyramid.uasset" 383
"../../../../../Users/5926008386/OneDrive - School Board of Seminole County/Documents/GitHub/GameDesign2/GameDesign2/Content/StarterContent/Shapes/Shape_Cube.uasset" 384
"../../../../../Users/5926008386/OneDrive - School Board of Seminole County/Documents/GitHub/GameDesign2/GameDesign2/Content/StarterContent/Textures/T_Frame_N.uasset" 385
"../../../../../Users/5926008386/OneDrive - School Board of Seminole County/Documents/GitHub/GameDesign2/GameDesign2/Content/StarterContent/Textures/T_Frame_M.uasset" 386
"../../../../../Users/5926008386/OneDrive - School Board of Seminole County/Documents/GitHub/GameDesign2/GameDesign2/Content/StarterContent/Props/Materials/M_Frame.uasset" 387
"../../../../../Users/5926008386/OneDrive - School Board of Seminole County/Documents/GitHub/GameDesign2/GameDesign2/Content/StarterContent/Props/SM_WindowFrame.uasset" 388
"../../../../../Users/5926008386/OneDrive - School Board of Seminole County/Documents/GitHub/GameDesign2/GameDesign2/Content/StarterContent/Props/SM_PillarFrame300.uasset" 389
"../../../../../Users/5926008386/OneDrive - School Board of Seminole County/Documents/GitHub/GameDesign2/GameDesign2/Content/StarterContent/Props/SM_PillarFrame.uasset" 390
"../../../../../Users/5926008386/OneDrive - School Board of Seminole County/Documents/GitHub/GameDesign2/GameDesign2/Content/StarterContent/Props/SM_GlassWindow.uasset" 391
"../../../../../Users/5926008386/OneDrive - School Board of Seminole County/Documents/GitHub/GameDesign2/GameDesign2/Content/StarterContent/Props/SM_DoorFrame.uasset" 392
"../../../../../Users/5926008386/OneDrive - School Board of Seminole County/Documents/GitHub/GameDesign2/GameDesign2/Content/StarterContent/Props/SM_CornerFrame.uasset" 393
"../../../../../Users/5926008386/OneDrive - School Board of Seminole County/Documents/GitHub/GameDesign2/GameDesign2/Content/StarterContent/Props/MaterialSphere.uasset" 394
"../../../../../Users/5926008386/OneDrive - School Board of Seminole County/Documents/GitHub/GameDesign2/GameDesign2/Content/StarterContent/Textures/T_Dust_Particle_D.uasset" 395
"../../../../../Users/5926008386/OneDrive - School Board of Seminole County/Documents/GitHub/GameDesign2/GameDesign2/Content/StarterContent/Particles/Materials/M_Dust_Particle.uasset" 396
"../../../../../Users/5926008386/OneDrive - School Board of Seminole County/Documents/GitHub/GameDesign2/GameDesign2/Content/2DSideScroller/Animations/P_Ambient_Dust.uasset" 397
"../../../../../Users/5926008386/OneDrive - School Board of Seminole County/Documents/GitHub/GameDesign2/GameDesign2/Content/StarterContent/Particles/P_Ambient_Dust.uasset" 398
"../../../../../Users/5926008386/OneDrive - School Board of Seminole County/Documents/GitHub/GameDesign2/GameDesign2/Content/StarterContent/Textures/T_Wood_Walnut_N.uasset" 399
"../../../../../Users/5926008386/OneDrive - School Board of Seminole County/Documents/GitHub/GameDesign2/GameDesign2/Content/StarterContent/Textures/T_Wood_Walnut_D.uasset" 400
"../../../../../Users/5926008386/OneDrive - School Board of Seminole County/Documents/GitHub/GameDesign2/GameDesign2/Content/StarterContent/Materials/M_Wood_Walnut.uasset" 401
"../../../../../Users/5926008386/OneDrive - School Board of Seminole County/Documents/GitHub/GameDesign2/GameDesign2/Content/StarterContent/Textures/T_Perlin_Noise_M.uasset" 402
"../../../../../Users/5926008386/OneDrive - School Board of Seminole County/Documents/GitHub/GameDesign2/GameDesign2/Content/StarterContent/Textures/T_Wood_Pine_N.uasset" 403
"../../../../../Users/5926008386/OneDrive - School Board of Seminole County/Documents/GitHub/GameDesign2/GameDesign2/Content/StarterContent/Textures/T_Wood_Pine_D.uasset" 404
"../../../../../Users/5926008386/OneDrive - School Board of Seminole County/Documents/GitHub/GameDesign2/GameDesign2/Content/StarterContent/Materials/M_Wood_Pine.uasset" 405
"../../../../../Users/5926008386/OneDrive - School Board of Seminole County/Documents/GitHub/GameDesign2/GameDesign2/Content/StarterContent/Textures/T_Wood_Oak_N.uasset" 406
"../../../../../Users/5926008386/OneDrive - School Board of Seminole County/Documents/GitHub/GameDesign2/GameDesign2/Content/StarterContent/Textures/T_Wood_Oak_D.uasset" 407
"../../../../../Users/5926008386/OneDrive - School Board of Seminole County/Documents/GitHub/GameDesign2/GameDesign2/Content/StarterContent/Materials/M_Wood_Oak.uasset" 408
"../../../Engine/Content/Functions/Engine_MaterialFunctions01/Opacity/AlphaOffset.uasset" 409
"../../../../../Users/5926008386/OneDrive - School Board of Seminole County/Documents/GitHub/GameDesign2/GameDesign2/Content/StarterContent/Textures/T_Wood_Floor_Walnut_N.uasset" 410
"../../../../../Users/5926008386/OneDrive - School Board of Seminole County/Documents/GitHub/GameDesign2/GameDesign2/Content/StarterContent/Textures/T_Wood_Floor_Walnut_M.uasset" 411
"../../../../../Users/5926008386/OneDrive - School Board of Seminole County/Documents/GitHub/GameDesign2/GameDesign2/Content/StarterContent/Textures/T_Wood_Floor_Walnut_D.uasset" 412
"../../../../../Users/5926008386/OneDrive - School Board of Seminole County/Documents/GitHub/GameDesign2/GameDesign2/Content/StarterContent/Materials/M_Wood_Floor_Walnut_Worn.uasset" 413
"../../../../../Users/5926008386/OneDrive - School Board of Seminole County/Documents/GitHub/GameDesign2/GameDesign2/Content/StarterContent/Materials/M_Wood_Floor_Walnut_Polished.uasset" 414
"../../../../../Users/5926008386/OneDrive - School Board of Seminole County/Documents/GitHub/GameDesign2/GameDesign2/Content/StarterContent/Textures/T_Water_M.uasset" 415
"../../../../../Users/5926008386/OneDrive - School Board of Seminole County/Documents/GitHub/GameDesign2/GameDesign2/Content/StarterContent/Textures/T_Water_N.uasset" 416
"../../../../../Users/5926008386/OneDrive - School Board of Seminole County/Documents/GitHub/GameDesign2/GameDesign2/Content/StarterContent/Materials/M_Water_Ocean.uasset" 417
"../../../../../Users/5926008386/OneDrive - School Board of Seminole County/Documents/GitHub/GameDesign2/GameDesign2/Content/StarterContent/Materials/M_Water_Lake.uasset" 418
"../../../../../Users/5926008386/OneDrive - School Board of Seminole County/Documents/GitHub/GameDesign2/GameDesign2/Content/StarterContent/Textures/T_Tech_Panel_N.uasset" 419
"../../../../../Users/5926008386/OneDrive - School Board of Seminole County/Documents/GitHub/GameDesign2/GameDesign2/Content/StarterContent/Textures/T_Tech_Panel_M.uasset" 420
"../../../../../Users/5926008386/OneDrive - School Board of Seminole County/Documents/GitHub/GameDesign2/GameDesign2/Content/StarterContent/Textures/T_Metal_Steel_D.uasset" 421
"../../../../../Users/5926008386/OneDrive - School Board of Seminole County/Documents/GitHub/GameDesign2/GameDesign2/Content/StarterContent/Materials/M_Tech_Panel.uasset" 422
"../../../../../Users/5926008386/OneDrive - School Board of Seminole County/Documents/GitHub/GameDesign2/GameDesign2/Content/StarterContent/Textures/T_Tech_Hex_Tile_N.uasset" 423
"../../../../../Users/5926008386/OneDrive - School Board of Seminole County/Documents/GitHub/GameDesign2/GameDesign2/Content/StarterContent/Textures/T_Tech_Hex_Tile_M.uasset" 424
"../../../../../Users/5926008386/OneDrive - School Board of Seminole County/Documents/GitHub/GameDesign2/GameDesign2/Content/StarterContent/Materials/M_Tech_Hex_Tile_Pulse.uasset" 425
"../../../../../Users/5926008386/OneDrive - School Board of Seminole County/Documents/GitHub/GameDesign2/GameDesign2/Content/StarterContent/Materials/M_Tech_Hex_Tile.uasset" 426
"../../../../../Users/5926008386/OneDrive - School Board of Seminole County/Documents/GitHub/GameDesign2/GameDesign2/Content/StarterContent/Textures/T_Tech_Dot_N.uasset" 427
"../../../../../Users/5926008386/OneDrive - School Board of Seminole County/Documents/GitHub/GameDesign2/GameDesign2/Content/StarterContent/Textures/T_Tech_Dot_M.uasset" 428
"../../../../../Users/5926008386/OneDrive - School Board of Seminole County/Documents/GitHub/GameDesign2/GameDesign2/Content/StarterContent/Textures/T_Single_Tile_N.uasset" 429
"../../../../../Users/5926008386/OneDrive - School Board of Seminole County/Documents/GitHub/GameDesign2/GameDesign2/Content/StarterContent/Textures/T_Checker_Noise_M.uasset" 430
"../../../../../Users/5926008386/OneDrive - School Board of Seminole County/Documents/GitHub/GameDesign2/GameDesign2/Content/StarterContent/Materials/M_Tech_Checker_Dot.uasset" 431
"../../../../../Users/5926008386/OneDrive - School Board of Seminole County/Documents/GitHub/GameDesign2/GameDesign2/Content/StarterContent/Textures/T_Rock_Slate_N.uasset" 432
"../../../../../Users/5926008386/OneDrive - School Board of Seminole County/Documents/GitHub/GameDesign2/GameDesign2/Content/StarterContent/Textures/T_Rock_Slate_D.uasset" 433
"../../../../../Users/5926008386/OneDrive - School Board of Seminole County/Documents/GitHub/GameDesign2/GameDesign2/Content/StarterContent/Materials/M_Rock_Slate.uasset" 434
"../../../../../Users/5926008386/OneDrive - School Board of Seminole County/Documents/GitHub/GameDesign2/GameDesign2/Content/StarterContent/Textures/T_Rock_Sandstone_N.uasset" 435
"../../../../../Users/5926008386/OneDrive - School Board of Seminole County/Documents/GitHub/GameDesign2/GameDesign2/Content/StarterContent/Textures/T_Rock_Sandstone_D.uasset" 436
"../../../../../Users/5926008386/OneDrive - School Board of Seminole County/Documents/GitHub/GameDesign2/GameDesign2/Content/StarterContent/Materials/M_Rock_Sandstone.uasset" 437
"../../../../../Users/5926008386/OneDrive - School Board of Seminole County/Documents/GitHub/GameDesign2/GameDesign2/Content/StarterContent/Textures/T_Rock_Marble_Polished_D.uasset" 438
"../../../../../Users/5926008386/OneDrive - School Board of Seminole County/Documents/GitHub/GameDesign2/GameDesign2/Content/StarterContent/Materials/M_Rock_Marble_Polished.uasset" 439
"../../../../../Users/5926008386/OneDrive - School Board of Seminole County/Documents/GitHub/GameDesign2/GameDesign2/Content/StarterContent/Textures/T_Rock_Basalt_N.uasset" 440
"../../../../../Users/5926008386/OneDrive - School Board of Seminole County/Documents/GitHub/GameDesign2/GameDesign2/Content/StarterContent/Materials/M_Rock_Basalt.uasset" 441
"../../../../../Users/5926008386/OneDrive - School Board of Seminole County/Documents/GitHub/GameDesign2/GameDesign2/Content/StarterContent/Textures/T_Metal_Steel_N.uasset" 442
"../../../../../Users/5926008386/OneDrive - School Board of Seminole County/Documents/GitHub/GameDesign2/GameDesign2/Content/StarterContent/Materials/M_Metal_Steel.uasset" 443
"../../../../../Users/5926008386/OneDrive - School Board of Seminole County/Documents/GitHub/GameDesign2/GameDesign2/Content/StarterContent/Textures/T_Metal_Rust_D.uasset" 444
"../../../../../Users/5926008386/OneDrive - School Board of Seminole County/Documents/GitHub/GameDesign2/GameDesign2/Content/StarterContent/Textures/T_Metal_Rust_N.uasset" 445
"../../../../../Users/5926008386/OneDrive - School Board of Seminole County/Documents/GitHub/GameDesign2/GameDesign2/Content/StarterContent/Materials/M_Metal_Rust.uasset" 446
"../../../../../Users/5926008386/OneDrive - School Board of Seminole County/Documents/GitHub/GameDesign2/GameDesign2/Content/StarterContent/Textures/T_Metal_Gold_D.uasset" 447
"../../../../../Users/5926008386/OneDrive - School Board of Seminole County/Documents/GitHub/GameDesign2/GameDesign2/Content/StarterContent/Materials/M_Metal_Gold.uasset" 448
"../../../../../Users/5926008386/OneDrive - School Board of Seminole County/Documents/GitHub/GameDesign2/GameDesign2/Content/StarterContent/Materials/M_Metal_Chrome.uasset" 449
"../../../../../Users/5926008386/OneDrive - School Board of Seminole County/Documents/GitHub/GameDesign2/GameDesign2/Content/StarterContent/Textures/T_Ground_Moss_N.uasset" 450
"../../../../../Users/5926008386/OneDrive - School Board of Seminole County/Documents/GitHub/GameDesign2/GameDesign2/Content/StarterContent/Textures/T_ground_Moss_D.uasset" 451
"../../../../../Users/5926008386/OneDrive - School Board of Seminole County/Documents/GitHub/GameDesign2/GameDesign2/Content/StarterContent/Materials/M_Ground_Moss.uasset" 452
"../../../../../Users/5926008386/OneDrive - School Board of Seminole County/Documents/GitHub/GameDesign2/GameDesign2/Content/StarterContent/Textures/T_Ground_Gravel_N.uasset" 453
"../../../../../Users/5926008386/OneDrive - School Board of Seminole County/Documents/GitHub/GameDesign2/GameDesign2/Content/StarterContent/Textures/T_Ground_Gravel_D.uasset" 454
"../../../../../Users/5926008386/OneDrive - School Board of Seminole County/Documents/GitHub/GameDesign2/GameDesign2/Content/StarterContent/Materials/M_Ground_Gravel.uasset" 455
"../../../../../Users/5926008386/OneDrive - School Board of Seminole County/Documents/GitHub/GameDesign2/GameDesign2/Content/StarterContent/Textures/T_Ground_Grass_N.uasset" 456
"../../../../../Users/5926008386/OneDrive - School Board of Seminole County/Documents/GitHub/GameDesign2/GameDesign2/Content/StarterContent/Textures/T_Ground_Grass_D.uasset" 457
"../../../../../Users/5926008386/OneDrive - School Board of Seminole County/Documents/GitHub/GameDesign2/GameDesign2/Content/StarterContent/Materials/M_Ground_Grass.uasset" 458
"../../../../../Users/5926008386/OneDrive - School Board of Seminole County/Documents/GitHub/GameDesign2/GameDesign2/Content/StarterContent/Textures/T_Concrete_Tiles_Variation_M.uasset" 459
"../../../../../Users/5926008386/OneDrive - School Board of Seminole County/Documents/GitHub/GameDesign2/GameDesign2/Content/StarterContent/Textures/T_Concrete_Tiles_N.uasset" 460
"../../../../../Users/5926008386/OneDrive - School Board of Seminole County/Documents/GitHub/GameDesign2/GameDesign2/Content/StarterContent/Textures/T_Concrete_Tiles_M.uasset" 461
"../../../../../Users/5926008386/OneDrive - School Board of Seminole County/Documents/GitHub/GameDesign2/GameDesign2/Content/StarterContent/Textures/T_Concrete_Tiles_D.uasset" 462
"../../../../../Users/5926008386/OneDrive - School Board of Seminole County/Documents/GitHub/GameDesign2/GameDesign2/Content/StarterContent/Materials/M_Concrete_Tiles.uasset" 463
"../../../../../Users/5926008386/OneDrive - School Board of Seminole County/Documents/GitHub/GameDesign2/GameDesign2/Content/StarterContent/Textures/T_Concrete_Panels_N.uasset" 464
"../../../../../Users/5926008386/OneDrive - School Board of Seminole County/Documents/GitHub/GameDesign2/GameDesign2/Content/StarterContent/Textures/T_Concrete_Panels_D.uasset" 465
"../../../../../Users/5926008386/OneDrive - School Board of Seminole County/Documents/GitHub/GameDesign2/GameDesign2/Content/StarterContent/Materials/M_Concrete_Panels.uasset" 466
"../../../../../Users/5926008386/OneDrive - School Board of Seminole County/Documents/GitHub/GameDesign2/GameDesign2/Content/StarterContent/Textures/T_Concrete_Grime_D.uasset" 467
"../../../../../Users/5926008386/OneDrive - School Board of Seminole County/Documents/GitHub/GameDesign2/GameDesign2/Content/StarterContent/Materials/M_Concrete_Grime.uasset" 468
"../../../../../Users/5926008386/OneDrive - School Board of Seminole County/Documents/GitHub/GameDesign2/GameDesign2/Content/StarterContent/Textures/T_CobbleStone_Smooth_N.uasset" 469
"../../../../../Users/5926008386/OneDrive - School Board of Seminole County/Documents/GitHub/GameDesign2/GameDesign2/Content/StarterContent/Textures/T_CobbleStone_Smooth_M.uasset" 470
"../../../../../Users/5926008386/OneDrive - School Board of Seminole County/Documents/GitHub/GameDesign2/GameDesign2/Content/StarterContent/Textures/T_CobbleStone_Smooth_D.uasset" 471
"../../../../../Users/5926008386/OneDrive - School Board of Seminole County/Documents/GitHub/GameDesign2/GameDesign2/Content/StarterContent/Textures/T_Rock_Smooth_Granite_D.uasset" 472
"../../../../../Users/5926008386/OneDrive - School Board of Seminole County/Documents/GitHub/GameDesign2/GameDesign2/Content/StarterContent/Textures/T_Gradinet_01.uasset" 473
"../../../../../Users/5926008386/OneDrive - School Board of Seminole County/Documents/GitHub/GameDesign2/GameDesign2/Content/StarterContent/Materials/M_CobbleStone_Smooth.uasset" 474
"../../../../../Users/5926008386/OneDrive - School Board of Seminole County/Documents/GitHub/GameDesign2/GameDesign2/Content/StarterContent/Textures/T_CobbleStone_Rough_N.uasset" 475
"../../../../../Users/5926008386/OneDrive - School Board of Seminole County/Documents/GitHub/GameDesign2/GameDesign2/Content/StarterContent/Textures/T_CobbleStone_Rough_D.uasset" 476
"../../../../../Users/5926008386/OneDrive - School Board of Seminole County/Documents/GitHub/GameDesign2/GameDesign2/Content/StarterContent/Materials/M_CobbleStone_Rough.uasset" 477
"../../../../../Users/5926008386/OneDrive - School Board of Seminole County/Documents/GitHub/GameDesign2/GameDesign2/Content/StarterContent/Textures/T_CobbleStone_Pebble_N.uasset" 478
"../../../../../Users/5926008386/OneDrive - School Board of Seminole County/Documents/GitHub/GameDesign2/GameDesign2/Content/StarterContent/Textures/T_CobbleStone_Pebble_M.uasset" 479
"../../../../../Users/5926008386/OneDrive - School Board of Seminole County/Documents/GitHub/GameDesign2/GameDesign2/Content/StarterContent/Textures/T_CobbleStone_Pebble_D.uasset" 480
"../../../../../Users/5926008386/OneDrive - School Board of Seminole County/Documents/GitHub/GameDesign2/GameDesign2/Content/StarterContent/Materials/M_CobbleStone_Pebble.uasset" 481
"../../../../../Users/5926008386/OneDrive - School Board of Seminole County/Documents/GitHub/GameDesign2/GameDesign2/Content/StarterContent/Textures/T_Ceramic_Tile_N.uasset" 482
"../../../../../Users/5926008386/OneDrive - School Board of Seminole County/Documents/GitHub/GameDesign2/GameDesign2/Content/StarterContent/Textures/T_Ceramic_Tile_M.uasset" 483
"../../../../../Users/5926008386/OneDrive - School Board of Seminole County/Documents/GitHub/GameDesign2/GameDesign2/Content/StarterContent/Materials/M_Ceramic_Tile_Checker.uasset" 484
"../../../../../Users/5926008386/OneDrive - School Board of Seminole County/Documents/GitHub/GameDesign2/GameDesign2/Content/StarterContent/Textures/T_Brick_Hewn_Stone_N.uasset" 485
"../../../../../Users/5926008386/OneDrive - School Board of Seminole County/Documents/GitHub/GameDesign2/GameDesign2/Content/StarterContent/Textures/T_Brick_Hewn_Stone_M.uasset" 486
"../../../../../Users/5926008386/OneDrive - School Board of Seminole County/Documents/GitHub/GameDesign2/GameDesign2/Content/StarterContent/Textures/T_Brick_Hewn_Stone_D.uasset" 487
"../../../../../Users/5926008386/OneDrive - School Board of Seminole County/Documents/GitHub/GameDesign2/GameDesign2/Content/StarterContent/Materials/M_Brick_Hewn_Stone.uasset" 488
"../../../../../Users/5926008386/OneDrive - School Board of Seminole County/Documents/GitHub/GameDesign2/GameDesign2/Content/StarterContent/Textures/T_Brick_Cut_Stone_N.uasset" 489
"../../../../../Users/5926008386/OneDrive - School Board of Seminole County/Documents/GitHub/GameDesign2/GameDesign2/Content/StarterContent/Textures/T_Brick_Cut_Stone_D.uasset" 490
"../../../../../Users/5926008386/OneDrive - School Board of Seminole County/Documents/GitHub/GameDesign2/GameDesign2/Content/StarterContent/Materials/M_Brick_Cut_Stone.uasset" 491
"../../../../../Users/5926008386/OneDrive - School Board of Seminole County/Documents/GitHub/GameDesign2/GameDesign2/Content/StarterContent/Textures/T_Brick_Clay_Old_N.uasset" 492
"../../../../../Users/5926008386/OneDrive - School Board of Seminole County/Documents/GitHub/GameDesign2/GameDesign2/Content/StarterContent/Textures/T_Brick_Clay_Old_D.uasset" 493
"../../../../../Users/5926008386/OneDrive - School Board of Seminole County/Documents/GitHub/GameDesign2/GameDesign2/Content/StarterContent/Materials/M_Brick_Clay_Old.uasset" 494
"../../../../../Users/5926008386/OneDrive - School Board of Seminole County/Documents/GitHub/GameDesign2/GameDesign2/Content/StarterContent/Textures/T_Brick_Clay_New_N.uasset" 495
"../../../../../Users/5926008386/OneDrive - School Board of Seminole County/Documents/GitHub/GameDesign2/GameDesign2/Content/StarterContent/Textures/T_Brick_Clay_New_M.uasset" 496
"../../../../../Users/5926008386/OneDrive - School Board of Seminole County/Documents/GitHub/GameDesign2/GameDesign2/Content/StarterContent/Textures/T_Brick_Clay_New_D.uasset" 497
"../../../../../Users/5926008386/OneDrive - School Board of Seminole County/Documents/GitHub/GameDesign2/GameDesign2/Content/StarterContent/Materials/M_Brick_Clay_New.uasset" 498
"../../../../../Users/5926008386/OneDrive - School Board of Seminole County/Documents/GitHub/GameDesign2/GameDesign2/Content/StarterContent/Textures/T_Brick_Clay_Beveled_N.uasset" 499
"../../../../../Users/5926008386/OneDrive - School Board of Seminole County/Documents/GitHub/GameDesign2/GameDesign2/Content/StarterContent/Textures/T_Brick_Clay_Beveled_M.uasset" 500
"../../../../../Users/5926008386/OneDrive - School Board of Seminole County/Documents/GitHub/GameDesign2/GameDesign2/Content/StarterContent/Textures/T_Brick_Clay_Beveled_D.uasset" 501
"../../../../../Users/5926008386/OneDrive - School Board of Seminole County/Documents/GitHub/GameDesign2/GameDesign2/Content/StarterContent/Materials/M_Brick_Clay_Beveled.uasset" 502
"../../../Engine/Content/Functions/Engine_MaterialFunctions03/Procedurals/ComputeFilterWidth.uasset" 503
"../../../Engine/Content/EngineMaterials/AntiAliasedTextMaterialTranslucent.uasset" 504
"../../../../../Users/5926008386/OneDrive - School Board of Seminole County/Documents/GitHub/GameDesign2/GameDesign2/Content/StarterContent/Maps/StarterMap_BuiltData.uasset" 505
"../../../../../Users/5926008386/OneDrive - School Board of Seminole County/Documents/GitHub/GameDesign2/GameDesign2/Content/StarterContent/Textures/T_Concrete_Poured_N.uasset" 506
"../../../../../Users/5926008386/OneDrive - School Board of Seminole County/Documents/GitHub/GameDesign2/GameDesign2/Content/StarterContent/Textures/T_Concrete_Poured_D.uasset" 507
"../../../../../Users/5926008386/OneDrive - School Board of Seminole County/Documents/GitHub/GameDesign2/GameDesign2/Content/StarterContent/Materials/M_Concrete_Poured.uasset" 508
"../../../../../Users/5926008386/OneDrive - School Board of Seminole County/Documents/GitHub/GameDesign2/GameDesign2/Content/StarterContent/Textures/T_Lamp_N.uasset" 509
"../../../../../Users/5926008386/OneDrive - School Board of Seminole County/Documents/GitHub/GameDesign2/GameDesign2/Content/StarterContent/Textures/T_Lamp_M.uasset" 510
"../../../../../Users/5926008386/OneDrive - School Board of Seminole County/Documents/GitHub/GameDesign2/GameDesign2/Content/StarterContent/Props/Materials/M_Lamp.uasset" 511
"../../../../../Users/5926008386/OneDrive - School Board of Seminole County/Documents/GitHub/GameDesign2/GameDesign2/Content/StarterContent/Props/SM_Lamp_Wall.uasset" 512
"../../../../../Users/5926008386/OneDrive - School Board of Seminole County/Documents/GitHub/GameDesign2/GameDesign2/Content/StarterContent/Blueprints/Blueprint_WallSconce.uasset" 513
"../../../../../Users/5926008386/OneDrive - School Board of Seminole County/Documents/GitHub/GameDesign2/GameDesign2/Content/StarterContent/Particles/P_Steam_Lit.uasset" 514
"../../../../../Users/5926008386/OneDrive - School Board of Seminole County/Documents/GitHub/GameDesign2/GameDesign2/Content/StarterContent/Audio/Steam01_Cue.uasset" 515
"../../../../../Users/5926008386/OneDrive - School Board of Seminole County/Documents/GitHub/GameDesign2/GameDesign2/Content/StarterContent/Blueprints/Blueprint_Effect_Steam.uasset" 516
"../../../../../Users/5926008386/OneDrive - School Board of Seminole County/Documents/GitHub/GameDesign2/GameDesign2/Content/StarterContent/Textures/T_Spark_Core.uasset" 517
"../../../../../Users/5926008386/OneDrive - School Board of Seminole County/Documents/GitHub/GameDesign2/GameDesign2/Content/StarterContent/Particles/Materials/M_Spark.uasset" 518
"../../../../../Users/5926008386/OneDrive - School Board of Seminole County/Documents/GitHub/GameDesign2/GameDesign2/Content/StarterContent/Particles/Materials/M_Radial_Gradient.uasset" 519
"../../../../../Users/5926008386/OneDrive - School Board of Seminole County/Documents/GitHub/GameDesign2/GameDesign2/Content/StarterContent/Particles/P_Sparks.uasset" 520
"../../../../../Users/5926008386/OneDrive - School Board of Seminole County/Documents/GitHub/GameDesign2/GameDesign2/Content/StarterContent/Audio/Fire_Sparks01_Cue.uasset" 521
"../../../../../Users/5926008386/OneDrive - School Board of Seminole County/Documents/GitHub/GameDesign2/GameDesign2/Content/StarterContent/Blueprints/Blueprint_Effect_Sparks.uasset" 522
"../../../../../Users/5926008386/OneDrive - School Board of Seminole County/Documents/GitHub/GameDesign2/GameDesign2/Content/StarterContent/Particles/P_Smoke.uasset" 523
"../../../../../Users/5926008386/OneDrive - School Board of Seminole County/Documents/GitHub/GameDesign2/GameDesign2/Content/StarterContent/Audio/Smoke01_Cue.uasset" 524
"../../../../../Users/5926008386/OneDrive - School Board of Seminole County/Documents/GitHub/GameDesign2/GameDesign2/Content/StarterContent/Blueprints/Blueprint_Effect_Smoke.uasset" 525
"../../../../../Users/5926008386/OneDrive - School Board of Seminole County/Documents/GitHub/GameDesign2/GameDesign2/Content/StarterContent/Particles/Materials/M_Heat_Distortion.uasset" 526
"../../../../../Users/5926008386/OneDrive - School Board of Seminole County/Documents/GitHub/GameDesign2/GameDesign2/Content/StarterContent/Textures/T_Fire_Tiled_D.uasset" 527
"../../../../../Users/5926008386/OneDrive - School Board of Seminole County/Documents/GitHub/GameDesign2/GameDesign2/Content/StarterContent/Textures/T_Fire_SubUV.uasset" 528
"../../../../../Users/5926008386/OneDrive - School Board of Seminole County/Documents/GitHub/GameDesign2/GameDesign2/Content/StarterContent/Particles/Materials/M_Fire_SubUV.uasset" 529
"../../../../../Users/5926008386/OneDrive - School Board of Seminole County/Documents/GitHub/GameDesign2/GameDesign2/Content/StarterContent/Particles/P_Fire.uasset" 530
"../../../../../Users/5926008386/OneDrive - School Board of Seminole County/Documents/GitHub/GameDesign2/GameDesign2/Content/StarterContent/Audio/Fire01_Cue.uasset" 531
"../../../../../Users/5926008386/OneDrive - School Board of Seminole County/Documents/GitHub/GameDesign2/GameDesign2/Content/StarterContent/Blueprints/Blueprint_Effect_Fire.uasset" 532
"../../../../../Users/5926008386/OneDrive - School Board of Seminole County/Documents/GitHub/GameDesign2/GameDesign2/Content/StarterContent/Props/SM_Lamp_Ceiling.uasset" 533
"../../../../../Users/5926008386/OneDrive - School Board of Seminole County/Documents/GitHub/GameDesign2/GameDesign2/Content/StarterContent/Blueprints/Blueprint_CeilingLight.uasset" 534
"../../../../../Users/5926008386/OneDrive - School Board of Seminole County/Documents/GitHub/GameDesign2/GameDesign2/Content/StarterContent/Audio/Starter_Music_Cue.uasset" 535
"../../../../../Users/5926008386/OneDrive - School Board of Seminole County/Documents/GitHub/GameDesign2/GameDesign2/Content/StarterContent/Audio/Collapse_Cue.uasset" 536
"../../../../../Users/5926008386/OneDrive - School Board of Seminole County/Documents/GitHub/GameDesign2/GameDesign2/Content/StarterContent/Architecture/Wall_Window_400x300.uasset" 537
"../../../../../Users/5926008386/OneDrive - School Board of Seminole County/Documents/GitHub/GameDesign2/GameDesign2/Content/StarterContent/Architecture/Wall_Door_400x300.uasset" 538
"../../../../../Users/5926008386/OneDrive - School Board of Seminole County/Documents/GitHub/GameDesign2/GameDesign2/Content/StarterContent/Architecture/Wall_400x200.uasset" 539
"../../../../../Users/5926008386/OneDrive - School Board of Seminole County/Documents/GitHub/GameDesign2/GameDesign2/Content/StarterContent/Maps/StarterMap.umap" 540
"../../../Engine/Content/MapTemplates/T_ScreenDirt02_w.uasset" 541
"../../../Engine/Content/MapTemplates/Bokeh_5Sides.uasset" 542
"../../../../../Users/5926008386/OneDrive - School Board of Seminole County/Documents/GitHub/GameDesign2/GameDesign2/Content/2DSideScrollerBP/Maps/2DSideScrollerExampleMap_BuiltData.uasset" 543
"../../../Engine/Content/EngineFonts/Faces/RobotoTiny.uasset" 544
"../../../Engine/Content/EngineFonts/RobotoTiny.uasset" 545
"../../../../../Users/5926008386/OneDrive - School Board of Seminole County/Documents/GitHub/GameDesign2/GameDesign2/Content/2DSideScroller/Sprites/4_Adkins_CharacterComplete_Sprite_17.uasset" 546
"../../../../../Users/5926008386/OneDrive - School Board of Seminole County/Documents/GitHub/GameDesign2/GameDesign2/Content/2DSideScroller/Sprites/4_Adkins_CharacterComplete_Sprite_16.uasset" 547
"../../../../../Users/5926008386/OneDrive - School Board of Seminole County/Documents/GitHub/GameDesign2/GameDesign2/Content/2DSideScroller/Sprites/4_Adkins_CharacterComplete_Sprite_15.uasset" 548
"../../../../../Users/5926008386/OneDrive - School Board of Seminole County/Documents/GitHub/GameDesign2/GameDesign2/Content/2DSideScroller/Animations/PC_Run.uasset" 549
"../../../../../Users/5926008386/OneDrive - School Board of Seminole County/Documents/GitHub/GameDesign2/GameDesign2/Content/2DSideScroller/Sprites/4_Adkins_CharacterComplete_Sprite_10.uasset" 550
"../../../../../Users/5926008386/OneDrive - School Board of Seminole County/Documents/GitHub/GameDesign2/GameDesign2/Content/2DSideScroller/Animations/PC_JumpUp.uasset" 551
"../../../../../Users/5926008386/OneDrive - School Board of Seminole County/Documents/GitHub/GameDesign2/GameDesign2/Content/2DSideScroller/Sprites/4_Adkins_CharacterComplete_Sprite_11.uasset" 552
"../../../../../Users/5926008386/OneDrive - School Board of Seminole County/Documents/GitHub/GameDesign2/GameDesign2/Content/2DSideScroller/Animations/PC_JumpDown.uasset" 553
"../../../../../Users/5926008386/OneDrive - School Board of Seminole County/Documents/GitHub/GameDesign2/GameDesign2/Content/2DSideScroller/Sprites/4_Adkins_CharacterComplete_Sprite_7.uasset" 554
"../../../../../Users/5926008386/OneDrive - School Board of Seminole County/Documents/GitHub/GameDesign2/GameDesign2/Content/2DSideScroller/Sprites/4_Adkins_CharacterComplete_Sprite_6.uasset" 555
"../../../../../Users/5926008386/OneDrive - School Board of Seminole County/Documents/GitHub/GameDesign2/GameDesign2/Content/2DSideScroller/Sprites/4_Adkins_CharacterComplete_Sprite_5.uasset" 556
"../../../../../Users/5926008386/OneDrive - School Board of Seminole County/Documents/GitHub/GameDesign2/GameDesign2/Content/2DSideScroller/Sprites/4_Adkins_CharacterComplete_Sprite_4.uasset" 557
"../../../../../Users/5926008386/OneDrive - School Board of Seminole County/Documents/GitHub/GameDesign2/GameDesign2/Content/2DSideScroller/Sprites/4_Adkins_CharacterComplete_Sprite_2.uasset" 558
"../../../../../Users/5926008386/OneDrive - School Board of Seminole County/Documents/GitHub/GameDesign2/GameDesign2/Content/2DSideScroller/Sprites/4_Adkins_CharacterComplete_Sprite_3.uasset" 559
"../../../../../Users/5926008386/OneDrive - School Board of Seminole County/Documents/GitHub/GameDesign2/GameDesign2/Content/2DSideScroller/Sprites/4_Adkins_CharacterComplete_Sprite_0.uasset" 560
"../../../../../Users/5926008386/OneDrive - School Board of Seminole County/Documents/GitHub/GameDesign2/GameDesign2/Content/2DSideScroller/Sprites/4_Adkins_CharacterComplete_Sprite_1.uasset" 561
"../../../../../Users/5926008386/OneDrive - School Board of Seminole County/Documents/GitHub/GameDesign2/GameDesign2/Content/2DSideScroller/Animations/PC_Idle.uasset" 562
"../../../../../Users/5926008386/OneDrive - School Board of Seminole County/Documents/GitHub/GameDesign2/GameDesign2/Content/2DSideScroller/Sprites/4_Adkins_CharacterDash.uasset" 563
"../../../../../Users/5926008386/OneDrive - School Board of Seminole County/Documents/GitHub/GameDesign2/GameDesign2/Content/2DSideScroller/Sprites/4_Adkins_CharacterDash_Sprite_0.uasset" 564
"../../../../../Users/5926008386/OneDrive - School Board of Seminole County/Documents/GitHub/GameDesign2/GameDesign2/Content/2DSideScroller/Sprites/4_Adkins_CharacterDash_Sprite_1.uasset" 565
"../../../../../Users/5926008386/OneDrive - School Board of Seminole County/Documents/GitHub/GameDesign2/GameDesign2/Content/2DSideScroller/Animations/PC_Dash.uasset" 566
"../../../../../Users/5926008386/OneDrive - School Board of Seminole County/Documents/GitHub/GameDesign2/GameDesign2/Content/HUD/PauseMenuWidget.uasset" 567
"../../../../../Users/5926008386/OneDrive - School Board of Seminole County/Documents/GitHub/GameDesign2/GameDesign2/Content/HUD/MainUI.uasset" 568
"../../../../../Users/5926008386/OneDrive - School Board of Seminole County/Documents/GitHub/GameDesign2/GameDesign2/Content/2DSideScroller/Data/AnimationState.uasset" 569
"../../../../../Users/5926008386/OneDrive - School Board of Seminole County/Documents/GitHub/GameDesign2/GameDesign2/Content/2DSideScrollerBP/Blueprints/2DSideScrollerCharacter.uasset" 570
"../../../../../Users/5926008386/OneDrive - School Board of Seminole County/Documents/GitHub/GameDesign2/GameDesign2/Content/2DSideScroller/Sprites/4_Adkins_CharacterCoin.uasset" 571
"../../../../../Users/5926008386/OneDrive - School Board of Seminole County/Documents/GitHub/GameDesign2/GameDesign2/Content/2DSideScroller/Sprites/4_Adkins_CharacterCoin_Sprite.uasset" 572
"../../../../../Users/5926008386/OneDrive - School Board of Seminole County/Documents/GitHub/GameDesign2/GameDesign2/Content/BP/BP_Coins.uasset" 573
"../../../../../Users/5926008386/OneDrive - School Board of Seminole County/Documents/GitHub/GameDesign2/GameDesign2/Content/2DSideScrollerBP/Blueprints/2DSideScrollerGameMode.uasset" 574
"../../../../../Users/5926008386/OneDrive - School Board of Seminole County/Documents/GitHub/GameDesign2/GameDesign2/Content/2DSideScroller/Textures/4_Adkins_BuildingTileSet.uasset" 575
"../../../../../Users/5926008386/OneDrive - School Board of Seminole County/Documents/GitHub/GameDesign2/GameDesign2/Content/2DSideScroller/Textures/Level1_4_Adkins_BuildingTileSet.uasset" 576
"../../../../../Users/5926008386/OneDrive - School Board of Seminole County/Documents/GitHub/GameDesign2/GameDesign2/Content/2DSideScroller/Textures/Level1_Tilemap.uasset" 577
"../../../../../Users/5926008386/OneDrive - School Board of Seminole County/Documents/GitHub/GameDesign2/GameDesign2/Content/2dSideScroller/Textures/2DBackgroundBlockAtlas.uasset" 578
"../../../../../Users/5926008386/OneDrive - School Board of Seminole County/Documents/GitHub/GameDesign2/GameDesign2/Content/2DSideScroller/Sprites/Ledge.uasset" 579
"../../../../../Users/5926008386/OneDrive - School Board of Seminole County/Documents/GitHub/GameDesign2/GameDesign2/Content/2DSideScroller/Textures/desertbackground.uasset" 580
"../../Plugins/2D/Paper2D/Content/OpaqueUnlitSpriteMaterial.uasset" 581
"../../../../../Users/5926008386/OneDrive - School Board of Seminole County/Documents/GitHub/GameDesign2/GameDesign2/Content/2DSideScroller/Sprites/Background_Sprite.uasset" 582
"../../../../../Users/5926008386/OneDrive - School Board of Seminole County/Documents/GitHub/GameDesign2/GameDesign2/Content/2DSideScrollerBP/Maps/2DSideScrollerExampleMap.umap" 583
"../../../Engine/Content/Maps/Entry_BuiltData.uasset" 584
"../../../Engine/Content/Maps/Entry.umap" 585
